2025-08-14 14:11:50,616 - db_helper - INFO - fetch_expenses_summary with start: 2024-08-01, end: 2024-08-25 
2025-08-14 14:11:50,966 - db_helper - INFO - fetch_expenses_summary with start: 2024-08-01, end: 2024-08-25 
2025-08-14 14:22:23,429 - db_helper - INFO - fetch_expenses_for_date of 2024-08-01 
2025-08-14 14:22:38,767 - db_helper - INFO - fetch_expenses_for_date of 2024-08-01 
2025-08-14 14:22:43,786 - db_helper - INFO - fetch_expenses_for_date of 2024-08-01 
2025-08-14 14:22:46,942 - db_helper - INFO - fetch_expenses_summary with start: 2024-08-01, end: 2024-08-22 
2025-08-14 14:27:36,315 - db_helper - INFO - fetch_expenses_for_date of 2024-08-01 
2025-08-14 14:27:40,664 - db_helper - INFO - fetch_expenses_for_date of 2024-08-01 
2025-08-14 14:27:42,959 - db_helper - INFO - fetch_expenses_summary with start: 2024-08-01, end: 2024-08-22 
2025-08-14 14:29:00,560 - db_helper - INFO - fetch_expenses_for_date of 2024-08-01 
2025-08-14 14:29:04,510 - db_helper - INFO - fetch_expenses_for_date of 2024-08-01 
2025-08-14 14:29:06,729 - db_helper - INFO - fetch_expenses_summary with start: 2024-08-01, end: 2024-08-22 
2025-08-14 14:33:51,635 - db_helper - INFO - fetch_expenses_for_date of 2024-08-01 
2025-08-14 14:33:55,772 - db_helper - INFO - fetch_expenses_for_date of 2024-08-01 
2025-08-14 14:33:58,020 - db_helper - INFO - fetch_expenses_summary with start: 2024-08-01, end: 2024-08-22 
2025-08-14 14:36:49,051 - db_helper - INFO - fetch_expenses_for_date of 2024-08-01 
2025-08-14 14:36:54,200 - db_helper - INFO - fetch_expenses_for_date of 2024-08-01 
2025-08-14 14:36:56,435 - db_helper - INFO - fetch_expenses_summary with start: 2024-08-01, end: 2024-08-22 
2025-08-14 14:38:26,034 - db_helper - INFO - fetch_expenses_for_date of 2024-08-01 
2025-08-14 14:38:30,018 - db_helper - INFO - fetch_expenses_for_date of 2024-08-01 
2025-08-14 14:38:32,217 - db_helper - INFO - fetch_expenses_summary with start: 2024-08-01, end: 2024-08-22 
2025-08-14 14:42:32,527 - db_helper - INFO - fetch_expenses_for_date of 2024-08-01 
2025-08-14 14:42:39,757 - db_helper - INFO - fetch_expenses_for_date of 2024-08-01 
2025-08-14 14:42:42,006 - db_helper - INFO - fetch_expenses_summary with start: 2024-08-01, end: 2024-08-31 
2025-08-14 16:15:45,005 - db_helper - INFO - fetch_expenses_for_date of 2024-08-01 
2025-08-14 16:59:30,846 - db_helper - INFO - expenses_summary_by_months with start: 2024-08-01, end: 2024-08-05 
2025-08-14 16:59:57,469 - db_helper - INFO - expenses_summary_by_months with start: 2024-08-01, end: 2024-08-30 
2025-08-14 17:00:14,992 - db_helper - INFO - expenses_summary_by_months with start: 2024-08-01, end: 2024-09-30 
2025-08-14 17:23:18,715 - db_helper - INFO - fetch_expenses_summary with start: 2024-08-01, end: 2024-09-05 
2025-08-14 17:40:54,722 - db_helper - INFO - expenses_summary_by_months with start: 2024-08-01, end: 2024-09-30 
2025-08-14 17:41:31,421 - db_helper - INFO - fetch_expenses_summary with start: 2024-08-01, end: 2024-09-30 
2025-08-14 17:43:32,628 - db_helper - INFO - fetch_expenses_summary with start: 2024-08-01, end: 2024-09-05 
2025-08-14 17:45:42,801 - db_helper - INFO - expenses_summary_by_months with start: 2024-08-01, end: 2024-09-30 
2025-08-14 17:48:45,510 - db_helper - INFO - fetch_expenses_summary with start: 2024-08-01, end: 2024-09-05 
2025-08-14 17:48:49,603 - db_helper - INFO - fetch_expenses_summary with start: 2024-08-01, end: 2024-09-05 
2025-08-14 21:21:04,302 - db_helper - INFO - expenses_summary_by_months with start: 2024-08-01, end: 2024-09-30 
2025-08-14 21:38:07,195 - db_helper - INFO - expenses_summary_by_months with start: 2024-08-01, end: 2024-09-30 
2025-08-14 21:39:07,380 - db_helper - INFO - expenses_summary_by_months with start: 2024-08-01, end: 2024-09-30 
2025-08-14 21:39:27,146 - db_helper - INFO - expenses_summary_by_months with start: 2024-08-01, end: 2024-09-30 
2025-08-14 21:55:47,810 - db_helper - INFO - fetch_expenses_for_date of 2024-08-01 
2025-08-14 22:59:08,833 - db_helper - INFO - fetch_expenses_for_date of 2024-08-01 
2025-08-14 23:04:32,767 - db_helper - INFO - fetch_expenses_for_date of 2024-08-01 
2025-08-14 23:04:35,228 - db_helper - INFO - fetch_expenses_summary with start: 2024-08-01, end: 2024-08-31 
2025-08-14 23:08:25,406 - db_helper - INFO - fetch_expenses_for_date of 2024-08-01 
2025-08-14 23:24:08,666 - db_helper - INFO - fetch_expenses_for_date of 2024-08-01 
2025-08-14 23:24:19,982 - db_helper - INFO - fetch_expenses_for_date of 2024-08-01 
2025-08-14 23:24:22,632 - db_helper - INFO - expenses_summary_by_months with start: 2025-02-15, end: 2025-08-14 
2025-08-14 23:24:51,024 - db_helper - INFO - fetch_expenses_for_date of 2024-08-01 
2025-08-14 23:25:19,041 - db_helper - INFO - fetch_expenses_for_date of 2024-08-01 
2025-08-14 23:25:29,173 - db_helper - INFO - fetch_expenses_for_date of 2024-08-01 
2025-08-14 23:25:31,650 - db_helper - INFO - expenses_summary_by_months with start: 2024-02-29, end: 2025-08-14 
2025-08-14 23:29:05,733 - db_helper - INFO - fetch_expenses_for_date of 2025-08-01 
2025-08-14 23:29:12,016 - db_helper - INFO - fetch_expenses_for_date of 2025-08-01 
2025-08-14 23:31:13,157 - db_helper - INFO - fetch_expenses_for_date of 2025-08-01 
2025-08-14 23:31:15,636 - db_helper - INFO - delete_expenses_for_date called with 2025-08-01 
2025-08-14 23:31:16,277 - db_helper - INFO - insert_expenses with date 2025-08-01, amount: 150.0, category: Food, notes: Egg Roles 
2025-08-14 23:31:17,798 - db_helper - INFO - insert_expenses with date 2025-08-01, amount: 1000.0, category: Other, notes: Gym Fee 
2025-08-14 23:31:18,048 - db_helper - INFO - insert_expenses with date 2025-08-01, amount: 5000.0, category: Shopping, notes: Whey Protein 
2025-08-14 23:31:18,445 - db_helper - INFO - insert_expenses with date 2025-08-01, amount: 800.0, category: Entertainment, notes: Movie tickets 
2025-08-14 23:31:18,805 - db_helper - INFO - insert_expenses with date 2025-08-01, amount: 400.0, category: Food, notes: Pizza 
2025-08-14 23:31:35,496 - db_helper - INFO - fetch_expenses_for_date of 2025-08-01 
2025-08-14 23:31:41,477 - db_helper - INFO - fetch_expenses_for_date of 2025-08-01 
2025-08-14 23:32:08,120 - db_helper - INFO - fetch_expenses_for_date of 2025-08-01 
2025-08-14 23:32:10,311 - db_helper - INFO - expenses_summary_by_months with start: 2024-02-29, end: 2025-08-14 
